Started in func mode
Listening on port 3000
Started in api mode
Listening on port 4000
  <-- GET /
GET / - 4ms
  --> GET / 302 14ms 59b
  <-- GET /pug/view/home
GET /pug/view/home - 853ms
  --> GET /pug/view/home 200 855ms 1.64kb
  <-- GET /pug/js/home
GET /pug/js/home - 1ms
  --> GET /pug/js/home 200 3ms 0b
  <-- GET /favicon.ico
GET /favicon.ico - 0ms
  --> GET /favicon.ico 404 2ms -
  <-- GET /pug/view/pug-editor
GET /pug/view/pug-editor - 698ms
  --> GET /pug/view/pug-editor 200 699ms 12.4kb
  <-- GET /stylesheets/codemirror.css
  <-- GET /stylesheets/style.css
  <-- GET /stylesheets/bootstrap-autocolumns.css
  <-- GET /javascripts/codemirror.js
  <-- GET /javascripts/javascript.js
  <-- GET /javascripts/css.js
  --> GET /stylesheets/codemirror.css 200 15ms 8.05kb
  --> GET /stylesheets/style.css 200 15ms 977b
  <-- GET /javascripts/xml.js
  --> GET /stylesheets/bootstrap-autocolumns.css 200 37ms 925b
  <-- GET /javascripts/htmlmixed.js
  --> GET /javascripts/javascript.js 200 41ms 30.98kb
  --> GET /javascripts/css.js 200 41ms 36.73kb
  <-- GET /javascripts/pug.js
  <-- GET /pug/js/pug-editor
  --> GET /javascripts/xml.js 200 44ms 12.28kb
GET /pug/js/pug-editor - 10ms
  --> GET /pug/js/pug-editor 200 22ms 8.72kb
  --> GET /javascripts/htmlmixed.js 200 30ms 5.48kb
  --> GET /javascripts/codemirror.js 200 70ms 349.83kb
  --> GET /javascripts/pug.js 200 28ms 15.67kb
  <-- POST /pug/compile
POST /pug/compile - 322ms
  --> POST /pug/compile 200 323ms 861b
  <-- GET /pug/js/pug_temp_js
GET /pug/js/pug_temp_js - 2ms
  --> GET /pug/js/pug_temp_js 200 2ms 0b
  <-- GET /pug/list
GET /pug/list - 1ms
  --> GET /pug/list 200 2ms 144b
  <-- GET /pug/view/func-editor
GET /pug/view/func-editor - 367ms
  --> GET /pug/view/func-editor 200 368ms 7.9kb
  <-- GET /stylesheets/codemirror.css
  <-- GET /stylesheets/style.css
  --> GET /stylesheets/codemirror.css 200 5ms 8.05kb
  <-- GET /stylesheets/bootstrap-autocolumns.css
  <-- GET /javascripts/xml.js
  <-- GET /javascripts/codemirror.js
  <-- GET /javascripts/javascript.js
  <-- GET /javascripts/css.js
  --> GET /stylesheets/style.css 200 9ms 977b
  <-- GET /javascripts/htmlmixed.js
  --> GET /stylesheets/bootstrap-autocolumns.css 200 7ms 925b
  --> GET /javascripts/xml.js 200 14ms 12.28kb
  --> GET /javascripts/javascript.js 200 15ms 30.98kb
  --> GET /javascripts/css.js 200 16ms 36.73kb
  <-- GET /javascripts/pug.min.js
  <-- GET /javascripts/pug.js
  <-- GET /pug/js/func-editor
  --> GET /javascripts/htmlmixed.js 200 22ms 5.48kb
GET /pug/js/func-editor - 4ms
  --> GET /pug/js/func-editor 200 10ms 8.75kb
  --> GET /javascripts/codemirror.js 200 32ms 349.83kb
  --> GET /javascripts/pug.js 200 14ms 15.67kb
  --> GET /javascripts/pug.min.js 200 49ms 584.85kb
  <-- GET /pug/view/pug-editor
GET /pug/view/pug-editor - 450ms
  --> GET /pug/view/pug-editor 200 451ms 12.4kb
  <-- GET /stylesheets/codemirror.css
  <-- GET /stylesheets/style.css
  <-- GET /stylesheets/bootstrap-autocolumns.css
  <-- GET /javascripts/codemirror.js
  <-- GET /javascripts/javascript.js
  <-- GET /javascripts/css.js
  --> GET /stylesheets/codemirror.css 200 15ms 8.05kb
  --> GET /stylesheets/style.css 200 15ms 977b
  --> GET /stylesheets/bootstrap-autocolumns.css 200 16ms 925b
  --> GET /javascripts/javascript.js 200 19ms 30.98kb
  --> GET /javascripts/css.js 200 19ms 36.73kb
  <-- GET /javascripts/xml.js
  <-- GET /javascripts/htmlmixed.js
  <-- GET /javascripts/pug.js
  <-- GET /pug/js/pug-editor
GET /pug/js/pug-editor - 12ms
  --> GET /pug/js/pug-editor 200 47ms 8.72kb
  --> GET /javascripts/codemirror.js 200 74ms 349.83kb
  --> GET /javascripts/xml.js 200 54ms 12.28kb
  --> GET /javascripts/htmlmixed.js 200 53ms 5.48kb
  --> GET /javascripts/pug.js 200 53ms 15.67kb
  <-- POST /pug/compile
POST /pug/compile - 277ms
  --> POST /pug/compile 200 278ms 861b
  <-- GET /pug/js/pug_temp_js
GET /pug/js/pug_temp_js - 1ms
  --> GET /pug/js/pug_temp_js 200 2ms 0b
  <-- GET /pug/view/func-editor
GET /pug/view/func-editor - 824ms
  --> GET /pug/view/func-editor 200 826ms 7.9kb
  <-- GET /stylesheets/codemirror.css
  <-- GET /stylesheets/style.css
  <-- GET /stylesheets/bootstrap-autocolumns.css
  <-- GET /javascripts/codemirror.js
  <-- GET /javascripts/javascript.js
  <-- GET /javascripts/css.js
  --> GET /stylesheets/codemirror.css 200 7ms 8.05kb
  --> GET /stylesheets/style.css 200 15ms 977b
  --> GET /stylesheets/bootstrap-autocolumns.css 200 14ms 925b
  --> GET /javascripts/javascript.js 200 16ms 30.98kb
  --> GET /javascripts/css.js 200 16ms 36.73kb
  <-- GET /javascripts/xml.js
  <-- GET /javascripts/htmlmixed.js
  <-- GET /javascripts/pug.js
  <-- GET /javascripts/pug.min.js
  <-- GET /pug/js/func-editor
GET /pug/js/func-editor - 8ms
  --> GET /pug/js/func-editor 200 24ms 8.75kb
  --> GET /javascripts/codemirror.js 200 46ms 349.83kb
  --> GET /javascripts/xml.js 200 29ms 12.28kb
  --> GET /javascripts/htmlmixed.js 200 29ms 5.48kb
  --> GET /javascripts/pug.js 200 29ms 15.67kb
  --> GET /javascripts/pug.min.js 200 56ms 584.85kb
  <-- GET /func/list
GET /func/list - 1ms
  --> GET /func/list 200 3ms 92b
  <-- GET /pug/view/func-editor/111
{ pretty: true,
  filename: '/home/swarm/node-func/node_modules/pug-bootstrap-attr/_bootstrap.pug',
  name: '111',
  api_host: '192.168.100.157:4000',
  js_source: 'ctx.body = 222',
  json_source: '{\n}' }
GET /pug/view/func-editor/111 - 423ms
  --> GET /pug/view/func-editor/111 200 424ms 7.95kb
  <-- GET /stylesheets/codemirror.css
  --> GET /stylesheets/codemirror.css 200 3ms 8.05kb
  <-- GET /stylesheets/style.css
  <-- GET /stylesheets/bootstrap-autocolumns.css
  <-- GET /javascripts/codemirror.js
  <-- GET /javascripts/javascript.js
  --> GET /stylesheets/style.css 200 6ms 977b
  <-- GET /javascripts/css.js
  <-- GET /javascripts/xml.js
  <-- GET /javascripts/htmlmixed.js
  --> GET /stylesheets/bootstrap-autocolumns.css 200 34ms 925b
  --> GET /javascripts/javascript.js 200 39ms 30.98kb
  <-- GET /javascripts/pug.js
  --> GET /javascripts/css.js 200 44ms 36.73kb
  --> GET /javascripts/xml.js 200 44ms 12.28kb
  --> GET /javascripts/htmlmixed.js 200 44ms 5.48kb
  <-- GET /javascripts/pug.min.js
  <-- GET /pug/js/func-editor
GET /pug/js/func-editor - 3ms
  --> GET /pug/js/func-editor 200 8ms 8.75kb
  --> GET /javascripts/codemirror.js 200 57ms 349.83kb
  --> GET /javascripts/pug.js 200 13ms 15.67kb
  --> GET /javascripts/pug.min.js 200 30ms 584.85kb
  <-- GET /func/list
GET /func/list - 1ms
  --> GET /func/list 200 2ms 92b
  <-- GET /pug/view/func-editor/helloworld
{ pretty: true,
  filename: '/home/swarm/node-func/node_modules/pug-bootstrap-attr/_bootstrap.pug',
  name: 'helloworld',
  api_host: '192.168.100.157:4000',
  js_source: 'ctx.body = \'hello world\';\n',
  json_source: '{\n}' }
GET /pug/view/func-editor/helloworld - 343ms
  --> GET /pug/view/func-editor/helloworld 200 345ms 7.97kb
  <-- GET /stylesheets/codemirror.css
  <-- GET /stylesheets/style.css
  <-- GET /stylesheets/bootstrap-autocolumns.css
  <-- GET /javascripts/codemirror.js
  <-- GET /javascripts/javascript.js
  <-- GET /javascripts/css.js
  --> GET /stylesheets/codemirror.css 200 9ms 8.05kb
  <-- GET /javascripts/xml.js
  --> GET /stylesheets/style.css 200 9ms 977b
  --> GET /stylesheets/bootstrap-autocolumns.css 200 9ms 925b
  <-- GET /javascripts/htmlmixed.js
  <-- GET /javascripts/pug.js
  --> GET /javascripts/javascript.js 200 14ms 30.98kb
  --> GET /javascripts/css.js 200 14ms 36.73kb
  <-- GET /javascripts/pug.min.js
  --> GET /javascripts/xml.js 200 16ms 12.28kb
  <-- GET /pug/js/func-editor
  --> GET /javascripts/htmlmixed.js 200 20ms 5.48kb
  --> GET /javascripts/pug.js 200 15ms 15.67kb
GET /pug/js/func-editor - 4ms
  --> GET /pug/js/func-editor 200 13ms 8.75kb
  --> GET /javascripts/codemirror.js 200 33ms 349.83kb
  --> GET /javascripts/pug.min.js 200 36ms 584.85kb
  <-- GET /func/list
GET /func/list - 1ms
  --> GET /func/list 200 1ms 92b
  <-- GET /pug/view/func-editor/btnTest
{ pretty: true,
  filename: '/home/swarm/node-func/node_modules/pug-bootstrap-attr/_bootstrap.pug',
  name: 'btnTest',
  api_host: '192.168.100.157:4000',
  js_source: 'let obj = {\n  a:1,\n  b:2\n}\nctx.body = obj;',
  json_source: '{\n  "test":"btn Test",\n  "a":"haha"\n}' }
GET /pug/view/func-editor/btnTest - 405ms
  --> GET /pug/view/func-editor/btnTest 200 407ms 8.02kb
  <-- GET /stylesheets/codemirror.css
  <-- GET /stylesheets/style.css
  <-- GET /stylesheets/bootstrap-autocolumns.css
  <-- GET /javascripts/codemirror.js
  <-- GET /javascripts/javascript.js
  <-- GET /javascripts/css.js
  --> GET /stylesheets/codemirror.css 200 11ms 8.05kb
  --> GET /stylesheets/style.css 200 10ms 977b
  --> GET /stylesheets/bootstrap-autocolumns.css 200 11ms 925b
  --> GET /javascripts/javascript.js 200 12ms 30.98kb
  --> GET /javascripts/css.js 200 11ms 36.73kb
  <-- GET /javascripts/xml.js
  <-- GET /javascripts/htmlmixed.js
  <-- GET /javascripts/pug.js
  <-- GET /javascripts/pug.min.js
  <-- GET /pug/js/func-editor
GET /pug/js/func-editor - 20ms
  --> GET /pug/js/func-editor 200 40ms 8.75kb
  --> GET /javascripts/codemirror.js 200 55ms 349.83kb
  --> GET /javascripts/xml.js 200 44ms 12.28kb
  --> GET /javascripts/htmlmixed.js 200 44ms 5.48kb
  --> GET /javascripts/pug.js 200 43ms 15.67kb
  --> GET /javascripts/pug.min.js 200 59ms 584.85kb
  <-- GET /func/list
GET /func/list - 1ms
  --> GET /func/list 200 19ms 92b
  <-- GET /pug/view/func-editor/func-test1
{ pretty: true,
  filename: '/home/swarm/node-func/node_modules/pug-bootstrap-attr/_bootstrap.pug',
  name: 'func-test1',
  api_host: '192.168.100.157:4000',
  js_source: 'console.log(1)',
  json_source: '{\n}' }
GET /pug/view/func-editor/func-test1 - 340ms
  --> GET /pug/view/func-editor/func-test1 200 341ms 7.96kb
  <-- GET /stylesheets/codemirror.css
  <-- GET /stylesheets/style.css
  <-- GET /stylesheets/bootstrap-autocolumns.css
  --> GET /stylesheets/codemirror.css 200 7ms 8.05kb
  <-- GET /javascripts/xml.js
  <-- GET /javascripts/codemirror.js
  <-- GET /javascripts/javascript.js
  <-- GET /javascripts/css.js
  --> GET /stylesheets/style.css 200 10ms 977b
  <-- GET /javascripts/htmlmixed.js
  --> GET /stylesheets/bootstrap-autocolumns.css 200 13ms 925b
  <-- GET /javascripts/pug.js
  --> GET /javascripts/xml.js 200 17ms 12.28kb
  --> GET /javascripts/javascript.js 200 19ms 30.98kb
  --> GET /javascripts/css.js 200 18ms 36.73kb
  <-- GET /javascripts/pug.min.js
  <-- GET /pug/js/func-editor
  --> GET /javascripts/htmlmixed.js 200 21ms 5.48kb
  --> GET /javascripts/pug.js 200 24ms 15.67kb
GET /pug/js/func-editor - 3ms
  --> GET /pug/js/func-editor 200 10ms 8.75kb
  --> GET /javascripts/codemirror.js 200 35ms 349.83kb
  --> GET /javascripts/pug.min.js 200 58ms 584.85kb
  <-- POST /func/test
  xxx POST /func/test 500 133ms -

  Error: getaddrinfo ENOTFOUND api api:4000
      at GetAddrInfoReqWrap.onlookup [as oncomplete] (dns.js:67:26)

  <-- POST /func/test
  xxx POST /func/test 500 38ms -

  Error: getaddrinfo ENOTFOUND api api:4000
      at GetAddrInfoReqWrap.onlookup [as oncomplete] (dns.js:67:26)

  <-- POST /func/test
  xxx POST /func/test 500 39ms -

  Error: getaddrinfo ENOTFOUND api api:4000
      at GetAddrInfoReqWrap.onlookup [as oncomplete] (dns.js:67:26)

Started in func mode
Listening on port 3000
Started in api mode
Listening on port 4000
  <-- GET /pug/view/func-editor/func-test1
{ pretty: true,
  filename: '/home/swarm/node-func/node_modules/pug-bootstrap-attr/_bootstrap.pug',
  name: 'func-test1',
  api_host: '192.168.100.157:4000',
  js_source: 'console.log(1)',
  json_source: '{\n}' }
GET /pug/view/func-editor/func-test1 - 959ms
  --> GET /pug/view/func-editor/func-test1 200 969ms 7.96kb
  <-- GET /stylesheets/codemirror.css
  <-- GET /stylesheets/style.css
  <-- GET /stylesheets/bootstrap-autocolumns.css
  <-- GET /javascripts/codemirror.js
  <-- GET /javascripts/javascript.js
  <-- GET /javascripts/css.js
  --> GET /stylesheets/codemirror.css 200 47ms 8.05kb
  --> GET /stylesheets/style.css 200 54ms 977b
  --> GET /stylesheets/bootstrap-autocolumns.css 200 54ms 925b
  --> GET /javascripts/javascript.js 200 59ms 30.98kb
  --> GET /javascripts/css.js 200 58ms 36.73kb
  <-- GET /javascripts/xml.js
  <-- GET /javascripts/htmlmixed.js
  <-- GET /javascripts/pug.js
  <-- GET /javascripts/pug.min.js
  <-- GET /pug/js/func-editor
GET /pug/js/func-editor - 7ms
  --> GET /pug/js/func-editor 200 14ms 8.75kb
  --> GET /javascripts/codemirror.js 200 80ms 349.83kb
  --> GET /javascripts/xml.js 200 19ms 12.28kb
  --> GET /javascripts/htmlmixed.js 200 20ms 5.48kb
  --> GET /javascripts/pug.js 200 19ms 15.67kb
  --> GET /javascripts/pug.min.js 200 33ms 584.85kb
  <-- POST /func/test
  <-- POST /test
mongoose.model('test1', new mongoose.Schema({
	a: String,
	b: String,
	c: String,
	d: String,
	e: String,
	f: [{
		g: String,
		h: Number
	}]
}))
begin: test
1
exec time: 1.462ms
mem: 58 MB
end
POST /test - 18ms
  xxx POST /func/test 500 44ms -

  Error: statusCode=404
  Not Found
      at IncomingMessage.res.on.on (/home/swarm/node-func/node_modules/zenio/lib/zenio.js:109:19)
      at IncomingMessage.emit (events.js:132:15)
      at endReadableNT (_stream_readable.js:1101:12)
      at process._tickCallback (internal/process/next_tick.js:114:19)

  --> POST /test 404 29ms -
  <-- POST /func/test
  <-- POST /test
begin: test
1
exec time: 0.661ms
mem: 30 MB
end
POST /test - 3ms
POST /func/test - 7ms
  --> POST /func/test 200 9ms 11b
  --> POST /test 200 6ms 11b
  <-- POST /func/test
  <-- POST /test
begin: test
exec time: 0.315ms
mem: 30 MB
end
POST /test - 3ms
  xxx POST /func/test 500 7ms -

  Error: statusCode=500
  require is not defined
      at IncomingMessage.res.on.on (/home/swarm/node-func/node_modules/zenio/lib/zenio.js:109:19)
      at IncomingMessage.emit (events.js:132:15)
      at endReadableNT (_stream_readable.js:1101:12)
      at process._tickCallback (internal/process/next_tick.js:114:19)

  --> POST /test 500 5ms 22b
  <-- POST /func/test
  <-- POST /test
  xxx POST /test 500 1ms -

  evalmachine.<anonymous>:6
  			import Docker from 'dockerode'
  			^^^^^^
  
  SyntaxError: Unexpected token import
      at new Script (vm.js:51:7)
      at Object.createScript (vm.js:136:10)
      at create_func (/home/swarm/node-func/routes/api.js:138:16)
      at router.post (/home/swarm/node-func/routes/api.js:306:18)
      at dispatch (/home/swarm/node-func/node_modules/koa-compose/index.js:44:32)
      at next (/home/swarm/node-func/node_modules/koa-compose/index.js:45:18)
      at /home/swarm/node-func/node_modules/koa-router/lib/router.js:345:16
      at dispatch (/home/swarm/node-func/node_modules/koa-compose/index.js:44:32)
      at /home/swarm/node-func/node_modules/koa-compose/index.js:36:12
      at dispatch (/home/swarm/node-func/node_modules/koa-router/lib/router.js:350:31)
      at dispatch (/home/swarm/node-func/node_modules/koa-compose/index.js:44:32)
      at next (/home/swarm/node-func/node_modules/koa-compose/index.js:45:18)
      at dispatch (/home/swarm/node-func/node_modules/koa-router/lib/router.js:332:32)
      at dispatch (/home/swarm/node-func/node_modules/koa-compose/index.js:44:32)
      at next (/home/swarm/node-func/node_modules/koa-compose/index.js:45:18)
      at app.use (/home/swarm/node-func/app.js:41:9)
      at dispatch (/home/swarm/node-func/node_modules/koa-compose/index.js:44:32)
      at next (/home/swarm/node-func/node_modules/koa-compose/index.js:45:18)
      at views (/home/swarm/node-func/node_modules/koa-views/lib/index.js:61:12)
      at dispatch (/home/swarm/node-func/node_modules/koa-compose/index.js:44:32)
      at next (/home/swarm/node-func/node_modules/koa-compose/index.js:45:18)
      at serve (/home/swarm/node-func/node_modules/koa-static/index.js:47:14)

  xxx POST /func/test 500 6ms -

  Error: statusCode=500
  <!DOCTYPE html>
  <html>
    <head>
      <title>Error - 500</title>
      <meta name="viewport" content="user-scalable=no, width=device-width, initial-scale=1.0, maximum-scale=1.0">
  
      <style>
        body {
          padding: 50px 80px;
          font: 14px "Helvetica Neue", Helvetica, sans-serif;
        }
  
        h1 {
          font-size: 2em;
          margin-bottom: 5px;
        }
  
        pre {
          font-size: .8em;
        }
      </style>
    </head>
    <body>
      <div id="error">
        <h1>Error</h1>
      <p>Looks like something broke!</p>
      
        <pre>
          <code>
  evalmachine.&lt;anonymous&gt;:6
  			import Docker from &#39;dockerode&#39;
  			^^^^^^
  
  SyntaxError: Unexpected token import
      at new Script (vm.js:51:7)
      at Object.createScript (vm.js:136:10)
      at create_func (/home/swarm/node-func/routes/api.js:138:16)
      at router.post (/home/swarm/node-func/routes/api.js:306:18)
      at dispatch (/home/swarm/node-func/node_modules/koa-compose/index.js:44:32)
      at next (/home/swarm/node-func/node_modules/koa-compose/index.js:45:18)
      at /home/swarm/node-func/node_modules/koa-router/lib/router.js:345:16
      at dispatch (/home/swarm/node-func/node_modules/koa-compose/index.js:44:32)
      at /home/swarm/node-func/node_modules/koa-compose/index.js:36:12
      at dispatch (/home/swarm/node-func/node_modules/koa-router/lib/router.js:350:31)
      at dispatch (/home/swarm/node-func/node_modules/koa-compose/index.js:44:32)
      at next (/home/swarm/node-func/node_modules/koa-compose/index.js:45:18)
      at dispatch (/home/swarm/node-func/node_modules/koa-router/lib/router.js:332:32)
      at dispatch (/home/swarm/node-func/node_modules/koa-compose/index.js:44:32)
      at next (/home/swarm/node-func/node_modules/koa-compose/index.js:45:18)
      at app.use (/home/swarm/node-func/app.js:41:9)
      at dispatch (/home/swarm/node-func/node_modules/koa-compose/index.js:44:32)
      at next (/home/swarm/node-func/node_modules/koa-compose/index.js:45:18)
      at views (/home/swarm/node-func/node_modules/koa-views/lib/index.js:61:12)
      at dispatch (/home/swarm/node-func/node_modules/koa-compose/index.js:44:32)
      at next (/home/swarm/node-func/node_modules/koa-compose/index.js:45:18)
      at serve (/home/swarm/node-func/node_modules/koa-static/index.js:47:14)
          </code>
        </pre>
      
      </div>
    </body>
  </html>
  
      at IncomingMessage.res.on.on (/home/swarm/node-func/node_modules/zenio/lib/zenio.js:109:19)
      at IncomingMessage.emit (events.js:132:15)
      at endReadableNT (_stream_readable.js:1101:12)
      at process._tickCallback (internal/process/next_tick.js:114:19)

  <-- POST /func/test
  <-- POST /test
begin: test
exec time: 0.262ms
mem: 30 MB
end
POST /test - 3ms
  xxx POST /func/test 500 7ms -

  Error: statusCode=500
  require is not defined
      at IncomingMessage.res.on.on (/home/swarm/node-func/node_modules/zenio/lib/zenio.js:109:19)
      at IncomingMessage.emit (events.js:132:15)
      at endReadableNT (_stream_readable.js:1101:12)
      at process._tickCallback (internal/process/next_tick.js:114:19)

  --> POST /test 500 6ms 22b
  <-- GET /func/list
GET /func/list - 2ms
  --> GET /func/list 200 4ms 92b
  <-- GET /pug/view/func-editor/222
{ pretty: true,
  filename: '/home/swarm/node-func/node_modules/pug-bootstrap-attr/_bootstrap.pug',
  name: '222',
  api_host: '192.168.100.157:4000',
  js_source: 'ctx.body = 222',
  json_source: '{\n}' }
GET /pug/view/func-editor/222 - 526ms
  --> GET /pug/view/func-editor/222 200 528ms 7.95kb
  <-- GET /stylesheets/codemirror.css
  <-- GET /stylesheets/style.css
  <-- GET /stylesheets/bootstrap-autocolumns.css
  <-- GET /javascripts/codemirror.js
  <-- GET /javascripts/javascript.js
  <-- GET /javascripts/css.js
  --> GET /stylesheets/codemirror.css 200 12ms 8.05kb
  --> GET /stylesheets/style.css 200 20ms 977b
  --> GET /stylesheets/bootstrap-autocolumns.css 200 20ms 925b
  --> GET /javascripts/javascript.js 200 20ms 30.98kb
  --> GET /javascripts/css.js 200 20ms 36.73kb
  <-- GET /javascripts/xml.js
  <-- GET /javascripts/htmlmixed.js
  <-- GET /javascripts/pug.js
  <-- GET /javascripts/pug.min.js
  <-- GET /pug/js/func-editor
GET /pug/js/func-editor - 8ms
  --> GET /pug/js/func-editor 200 14ms 8.75kb
  --> GET /javascripts/codemirror.js 200 42ms 349.83kb
  --> GET /javascripts/xml.js 200 20ms 12.28kb
  --> GET /javascripts/htmlmixed.js 200 20ms 5.48kb
  --> GET /javascripts/pug.js 200 21ms 15.67kb
  --> GET /javascripts/pug.min.js 200 38ms 584.85kb
  <-- GET /func/list
GET /func/list - 1ms
  --> GET /func/list 200 2ms 92b
  <-- GET /pug/view/func-editor/test1
{ pretty: true,
  filename: '/home/swarm/node-func/node_modules/pug-bootstrap-attr/_bootstrap.pug',
  name: 'test1',
  api_host: '192.168.100.157:4000',
  json_source: '{\n  "store_me":"hello world"\n}',
  js_source: 'await redis.set(\'test111\',ctx.store_me);\nctx.body=await redis.getAsync(\'test111\')' }
GET /pug/view/func-editor/test1 - 354ms
  --> GET /pug/view/func-editor/test1 200 356ms 8.04kb
  <-- GET /stylesheets/codemirror.css
  <-- GET /stylesheets/style.css
  <-- GET /stylesheets/bootstrap-autocolumns.css
  <-- GET /javascripts/codemirror.js
  <-- GET /javascripts/javascript.js
  <-- GET /javascripts/css.js
  --> GET /stylesheets/codemirror.css 200 14ms 8.05kb
  --> GET /stylesheets/style.css 200 12ms 977b
  --> GET /stylesheets/bootstrap-autocolumns.css 200 10ms 925b
  <-- GET /javascripts/xml.js
  <-- GET /javascripts/htmlmixed.js
  <-- GET /javascripts/pug.js
  --> GET /javascripts/javascript.js 200 20ms 30.98kb
  --> GET /javascripts/css.js 200 20ms 36.73kb
  <-- GET /javascripts/pug.min.js
  <-- GET /pug/js/func-editor
  --> GET /javascripts/xml.js 200 25ms 12.28kb
GET /pug/js/func-editor - 5ms
  --> GET /pug/js/func-editor 200 18ms 8.75kb
  --> GET /javascripts/htmlmixed.js 200 28ms 5.48kb
  --> GET /javascripts/pug.js 200 36ms 15.67kb
  --> GET /javascripts/codemirror.js 200 61ms 349.83kb
  --> GET /javascripts/pug.min.js 200 68ms 584.85kb
  <-- GET /func/list
GET /func/list - 1ms
  --> GET /func/list 200 2ms 92b
  <-- GET /pug/view/func-editor/111
{ pretty: true,
  filename: '/home/swarm/node-func/node_modules/pug-bootstrap-attr/_bootstrap.pug',
  name: '111',
  api_host: '192.168.100.157:4000',
  js_source: 'ctx.body = 222',
  json_source: '{\n}' }
GET /pug/view/func-editor/111 - 409ms
  --> GET /pug/view/func-editor/111 200 412ms 7.95kb
  <-- GET /stylesheets/codemirror.css
  <-- GET /stylesheets/style.css
  <-- GET /stylesheets/bootstrap-autocolumns.css
  <-- GET /javascripts/codemirror.js
  <-- GET /javascripts/javascript.js
  <-- GET /javascripts/css.js
  --> GET /stylesheets/codemirror.css 200 12ms 8.05kb
  --> GET /stylesheets/style.css 200 19ms 977b
  --> GET /stylesheets/bootstrap-autocolumns.css 200 17ms 925b
  --> GET /javascripts/javascript.js 200 22ms 30.98kb
  --> GET /javascripts/css.js 200 38ms 36.73kb
  <-- GET /javascripts/xml.js
  <-- GET /javascripts/htmlmixed.js
  <-- GET /javascripts/pug.js
  <-- GET /javascripts/pug.min.js
  <-- GET /pug/js/func-editor
GET /pug/js/func-editor - 8ms
  --> GET /pug/js/func-editor 200 16ms 8.75kb
  --> GET /javascripts/codemirror.js 200 76ms 349.83kb
  --> GET /javascripts/xml.js 200 36ms 12.28kb
  --> GET /javascripts/htmlmixed.js 200 34ms 5.48kb
  --> GET /javascripts/pug.js 200 27ms 15.67kb
  --> GET /javascripts/pug.min.js 200 39ms 584.85kb
  <-- POST /func/test
  <-- POST /test
begin: test
exec time: 0.263ms
mem: 31 MB
end
POST /test - 3ms
  --> POST /test 200 3ms 3b
POST /func/test - 6ms
  --> POST /func/test 200 8ms 3b
  <-- POST /func/test
  <-- POST /test
begin: test
exec time: 0.147ms
mem: 31 MB
end
POST /test - 1ms
  --> POST /test 200 2ms 4b
POST /func/test - 5ms
  --> POST /func/test 200 5ms 4b
